2015-07-15 15:22:16 - userForm()
2015-07-15 15:22:29 - displayPerson()
2015-07-15 15:22:32 - updatePerson()
2015-07-15 15:22:39 - saveOrUpdateUser()
2015-07-15 15:23:29 - displayPerson()
2015-07-15 15:23:32 - userForm()
2015-07-15 15:26:00 - updatePerson()
2015-07-15 15:26:08 - userForm()
2015-07-15 15:26:30 - updatePerson()
2015-07-15 15:28:24 - userForm()
2015-07-15 15:28:46 - updatePerson()
2015-07-15 15:29:06 - updatePerson()
2015-07-15 15:50:43 - updatePerson()
2015-07-15 15:50:56 - saveOrUpdateUser()
2015-07-15 15:52:34 - updatePerson()
2015-07-15 15:52:45 - saveOrUpdateUser()
2015-07-15 15:52:45 - addContact()
2015-07-15 15:53:01 - saveOrUpdateUser()
2015-07-15 15:53:01 - addContact()
2015-07-15 16:03:52 - updatePerson()
2015-07-15 16:04:10 - saveOrUpdateUser()
2015-07-15 16:04:20 - saveOrUpdateUser()
2015-07-15 16:06:16 - updatePerson()
2015-07-15 16:06:19 - updatePerson()
2015-07-15 16:06:20 - updatePerson()
2015-07-15 16:06:22 - updatePerson()
2015-07-15 16:10:20 - updatePerson()
2015-07-15 16:15:29 - updatePerson()
2015-07-15 16:29:00 - updatePerson()
2015-07-15 16:32:29 - updatePerson()
2015-07-15 16:34:42 - updatePerson()
2015-07-15 16:34:55 - userForm()
2015-07-15 16:35:00 - userForm()
2015-07-15 16:35:01 - userForm()
2015-07-15 16:35:02 - userForm()
2015-07-15 16:35:02 - userForm()
2015-07-15 16:35:02 - userForm()
2015-07-15 16:35:33 - userForm()
2015-07-15 16:35:39 - displayPerson()
2015-07-15 16:36:06 - updatePerson()
2015-07-15 16:36:21 - updatePerson()
2015-07-15 16:37:07 - updatePerson()
2015-07-15 16:37:40 - saveOrUpdateUser()
2015-07-15 16:37:53 - addContact()
2015-07-15 16:38:07 - addContact()
2015-07-15 16:43:23 - addContact()
2015-07-15 16:43:35 - addContact()
2015-07-15 16:46:26 - addContact()
2015-07-15 16:46:43 - addContact()
2015-07-15 16:48:18 - addContact()
2015-07-15 16:48:24 - addContact()
2015-07-15 16:48:30 - addContact()
2015-07-15 17:09:19 - displayPerson()
2015-07-15 17:09:35 - updatePerson()
